loading source file...
loading file content...
calculating word frequences...
calculating condensation degrees...
calculating freedom degrees...
filtering special condition...
铁槛 [3.567257334016837e-05, 0.5070934987593051, 0.15841057013179086]
违拗 [2.2460509140106013e-05, 1.8381468571428567, 0.2337916587064593]
巍巍 [1.0569651360049888e-05, 1.6773052631578946, 0.37677016125643675]
呱呱 [9.248444940043653e-06, 2.7031571428571426, 0.410116318288409]
嚎啕 [9.248444940043653e-06, 4.730525, 0.410116318288409]
猩毡 [1.717568346008107e-05, 0.8631133333333332, 0.4293230219306162]
咕咕唧唧 [9.248444940043653e-06, 1.4280830188679245, 0.45056120886630463]
嘁嘁 [7.927238520037416e-06, 3.1536833333333334, 0.45056120886630463]
仕宦 [7.927238520037416e-06, 2.0642290909090906, 0.45056120886630463]
茯苓 [2.1139302720099776e-05, 4.452258823529412, 0.48509409130221154]
器皿 [9.248444940043653e-06, 1.3049724137931034, 0.5004024235381879]
娈童 [6.606032100031181e-06, 1.8551078431372552, 0.5004024235381879]
双膝跪 [6.606032100031181e-06, 0.5198379120879121, 0.5004024235381879]
趔趄 [7.927238520037416e-06, 9.267967346938773, 0.5004024235381879]
疯疯颠颠 [7.927238520037416e-06, 0.9230292682926828, 0.5004024235381879]
魇魔 [6.606032100031181e-06, 1.0512277777777779, 0.5004024235381879]
咕咕哝哝 [5.284825680024944e-06, 1.4280830188679245, 0.5623351446188083]
颤颤 [5.284825680024944e-06, 0.6865160997732427, 0.5623351446188083]
掣了一根 [5.284825680024944e-06, 0.5330169014084506, 0.5623351446188083]
汪汪 [6.606032100031181e-06, 2.628069444444445, 0.5623351446188083]
绰绰 [5.284825680024944e-06, 1.1826312500000002, 0.5623351446188083]
乘小轿 [5.284825680024944e-06, 0.5733969696969697, 0.5623351446188083]
禄蠹 [6.606032100031181e-06, 1.6172735042735047, 0.5623351446188083]
蝎蝎 [5.284825680024944e-06, 4.730525000000001, 0.5623351446188083]
狐腋 [5.284825680024944e-06, 1.6453999999999998, 0.5623351446188083]
灌溉 [7.927238520037416e-06, 1.6218942857142855, 0.5623351446188083]
簌簌 [6.606032100031181e-06, 3.7844199999999995, 0.5623351446188083]
拔令箭 [5.284825680024944e-06, 3.0275359999999996, 0.5623351446188083]
曹雪芹 [6.606032100031181e-06, 1.2407934426229508, 0.5623351446188083]
咬着牙 [7.927238520037416e-06, 0.7776205479452055, 0.5623351446188083]
阶矶 [6.606032100031181e-06, 0.6153528455284553, 0.5623351446188083]
尘埃 [6.606032100031181e-06, 1.0660338028169014, 0.5623351446188083]
泥塑 [5.284825680024944e-06, 0.6178644897959183, 0.5623351446188083]
鸦雀 [1.4533270620068597e-05, 0.8162474509803921, 0.5859526183035508]
浮躁 [6.606032100031181e-06, 0.9275539215686276, 0.6365141682948128]
根玉簪 [3.963619260018708e-06, 0.5330169014084507, 0.6365141682948128]
荒郊 [3.963619260018708e-06, 0.6757892857142856, 0.6365141682948128]
肺腑 [3.963619260018708e-06, 5.406314285714285, 0.6365141682948128]
核桃 [3.963619260018708e-06, 0.5406314285714285, 0.6365141682948128]
蚂蚁 [3.963619260018708e-06, 18.9221, 0.6365141682948128]
均匀 [3.963619260018708e-06, 3.7844200000000003, 0.6365141682948128]
藤萝 [5.284825680024944e-06, 1.2938188034188032, 0.6365141682948128]
拄杖 [5.284825680024944e-06, 1.187269019607843, 0.6365141682948128]
叶渚 [6.606032100031181e-06, 0.6074510433386838, 0.6365141682948128]
梧桐 [5.284825680024944e-06, 1.3455715555555556, 0.6365141682948128]
苍蝇 [6.606032100031181e-06, 1.7520462962962964, 0.6365141682948128]
汝窑 [3.963619260018708e-06, 1.247610989010989, 0.6365141682948128]
蹑手蹑 [3.963619260018708e-06, 9.46105, 0.6365141682948128]
街坊邻 [3.963619260018708e-06, 1.2014031746031748, 0.6365141682948128]
佩凤偕 [3.963619260018708e-06, 1.2614733333333332, 0.6365141682948128]
挥霍 [6.606032100031181e-06, 2.213111111111111, 0.6365141682948128]
茉莉 [7.927238520037416e-06, 12.614733333333334, 0.6365141682948128]
巡盐 [3.963619260018708e-06, 0.6986621538461538, 0.6365141682948128]
凫靥裘 [3.963619260018708e-06, 3.7844200000000003, 0.6365141682948128]
项上摘 [3.963619260018708e-06, 0.7372246753246753, 0.6365141682948128]
申饬 [3.963619260018708e-06, 1.6819644444444442, 0.6365141682948128]
暴殄 [3.963619260018708e-06, 5.045893333333334, 0.6365141682948128]
弯了腰 [3.963619260018708e-06, 0.9703641025641027, 0.6365141682948128]
乌压压 [6.606032100031181e-06, 1.164436923076923, 0.6365141682948128]
鲛绡 [3.963619260018708e-06, 1.720190909090909, 0.6365141682948128]
丹砂 [5.284825680024944e-06, 0.8409822222222222, 0.6365141682948128]
晃晃 [3.963619260018708e-06, 2.2706519999999992, 0.6365141682948128]
婚姻 [9.248444940043653e-06, 0.6524862068965517, 0.6365141682948128]
舒舒 [3.963619260018708e-06, 0.514887074829932, 0.6365141682948128]
碧纱橱 [5.284825680024944e-06, 1.484086274509804, 0.6365141682948128]
诙谐 [3.963619260018708e-06, 25.229466666666667, 0.6365141682948128]
哽噎 [3.963619260018708e-06, 0.9010523809523808, 0.6365141682948128]
尴尬 [6.606032100031181e-06, 10.51227777777778, 0.6365141682948128]
赤条条 [3.963619260018708e-06, 0.520791743119266, 0.6365141682948128]
搂入怀 [3.963619260018708e-06, 0.6307366666666667, 0.6365141682948128]
倭瓜 [3.963619260018708e-06, 0.7051714285714286, 0.6365141682948128]
蝇帚 [3.963619260018708e-06, 1.6819644444444442, 0.6365141682948128]
鳖血 [3.963619260018708e-06, 0.6524862068965518, 0.6365141682948128]
靴掖 [3.963619260018708e-06, 0.772330612244898, 0.6365141682948128]
咬牙切齿 [3.963619260018708e-06, 1.6819644444444444, 0.6365141682948128]
荼さ [3.963619260018708e-06, 10.81262857142857, 0.6365141682948128]
だだ [5.284825680024944e-06, 4.730525000000001, 0.6365141682948128]
茉莉粉 [5.284825680024944e-06, 0.5484666666666667, 0.6365141682948128]
矛盾 [3.963619260018708e-06, 18.9221, 0.6365141682948128]
苛责 [3.963619260018708e-06, 0.9267967346938774, 0.6365141682948128]
薜荔 [3.963619260018708e-06, 2.7031571428571426, 0.6365141682948128]
骷髅 [3.963619260018708e-06, 25.229466666666667, 0.6365141682948128]
誊录 [3.963619260018708e-06, 1.2614733333333334, 0.6365141682948128]
聚党 [3.963619260018708e-06, 0.5317686182669789, 0.6365141682948128]
轰轰 [3.963619260018708e-06, 1.5768416666666667, 0.6365141682948128]
у攮 [3.963619260018708e-06, 1.7739468750000003, 0.6365141682948128]
洋绉 [3.963619260018708e-06, 0.8051957446808511, 0.6365141682948128]
罗唣 [5.284825680024944e-06, 0.9959, 0.6365141682948128]
扑哧 [3.963619260018708e-06, 0.7829834482758619, 0.6365141682948128]
玷辱 [1.3212064200062362e-05, 2.4574155844155845, 0.639031859650177]
凸碧 [7.927238520037416e-06, 0.8095016042780748, 0.6730116670092565]
揣在怀 [6.606032100031181e-06, 0.6307366666666666, 0.6730116670092565]
兢兢 [1.0569651360049888e-05, 2.3652625000000005, 0.6829081047004717]
钦天监 [2.642412840012472e-06, 0.5959716535433072, 0.6931471805599453]
躺一躺 [2.642412840012472e-06, 0.6153528455284552, 0.6931471805599453]
鞋袜 [7.927238520037416e-06, 0.8733276923076922, 0.6931471805599453]
龟将军 [2.642412840012472e-06, 1.3278666666666665, 0.6931471805599453]
逍遥 [2.642412840012472e-06, 3.2907999999999995, 0.6931471805599453]
阐发圣贤 [2.642412840012472e-06, 1.5137679999999998, 0.6931471805599453]
淅淅 [3.963619260018708e-06, 4.633983673469387, 0.6931471805599453]
猴儿尿 [2.642412840012472e-06, 1.2014031746031744, 0.6931471805599453]
卦筒 [3.963619260018708e-06, 0.7372246753246753, 0.6931471805599453]
箱倒笼 [5.284825680024944e-06, 1.0660338028169012, 0.6931471805599453]
荡悠悠 [5.284825680024944e-06, 0.5867317829457365, 0.6931471805599453]
诡谲 [2.642412840012472e-06, 7.2084190476190475, 0.6931471805599453]
按品大妆 [3.963619260018708e-06, 0.5445208633093526, 0.6931471805599453]
偕鸾 [2.642412840012472e-06, 0.5799877394636015, 0.6931471805599453]
温存体贴 [2.642412840012472e-06, 0.749390099009901, 0.6931471805599453]
叱咤 [3.963619260018708e-06, 8.109471428571428, 0.6931471805599453]
麈尾 [2.642412840012472e-06, 2.293587878787879, 0.6931471805599453]
井臼 [2.642412840012472e-06, 1.5768416666666667, 0.6931471805599453]
挫磨 [2.642412840012472e-06, 0.5219889655172413, 0.6931471805599453]
拒绝 [2.642412840012472e-06, 0.6469094017094018, 0.6931471805599453]
铜锡 [3.963619260018708e-06, 1.4191574999999998, 0.6931471805599453]
北邙 [2.642412840012472e-06, 0.6818774774774774, 0.6931471805599453]
嘟嘟哝哝 [2.642412840012472e-06, 3.7844199999999995, 0.6931471805599453]
丹墀 [2.642412840012472e-06, 0.8409822222222222, 0.6931471805599453]
谦逊 [5.284825680024944e-06, 2.7523054545454544, 0.6931471805599453]
警幻所训 [2.642412840012472e-06, 1.1467939393939395, 0.6931471805599453]
旗帜 [2.642412840012472e-06, 5.045893333333334, 0.6931471805599453]
赊欠 [3.963619260018708e-06, 0.7051714285714286, 0.6931471805599453]
蚊子哼哼 [2.642412840012472e-06, 2.8032740740740745, 0.6931471805599453]
憔悴 [3.963619260018708e-06, 25.229466666666667, 0.6931471805599453]
绮霰斋 [2.642412840012472e-06, 0.8409822222222221, 0.6931471805599453]
呻吟 [5.284825680024944e-06, 1.1467939393939395, 0.6931471805599453]
纸墨笔砚 [2.642412840012472e-06, 0.514887074829932, 0.6931471805599453]
梧桐芭蕉 [2.642412840012472e-06, 2.3652625000000005, 0.6931471805599453]
霞帔 [2.642412840012472e-06, 1.5137679999999998, 0.6931471805599453]
恋恋 [2.642412840012472e-06, 0.5237951557093425, 0.6931471805599453]
排揎 [3.963619260018708e-06, 0.9461050000000001, 0.6931471805599453]
揩拭 [3.963619260018708e-06, 1.8922100000000002, 0.6931471805599453]
醺醺 [2.642412840012472e-06, 6.055071999999998, 0.6931471805599453]
翎毛 [2.642412840012472e-06, 0.5330169014084506, 0.6931471805599453]
瓷罐 [2.642412840012472e-06, 5.045893333333334, 0.6931471805599453]
硬着心肠 [2.642412840012472e-06, 1.4280830188679245, 0.6931471805599453]
犹豫不决 [2.642412840012472e-06, 0.6414271186440678, 0.6931471805599453]
醋罐 [2.642412840012472e-06, 0.8409822222222222, 0.6931471805599453]
杉木 [2.642412840012472e-06, 0.6818774774774774, 0.6931471805599453]
陈设玩器 [2.642412840012472e-06, 1.3049724137931036, 0.6931471805599453]
维持 [2.642412840012472e-06, 0.5311466666666667, 0.6931471805599453]
镇海统制 [2.642412840012472e-06, 1.1826312500000002, 0.6931471805599453]
耍的猴 [2.642412840012472e-06, 0.6757892857142858, 0.6931471805599453]
锦乡侯 [3.963619260018708e-06, 0.6238054945054945, 0.6931471805599453]
滴翠亭 [5.284825680024944e-06, 1.2614733333333334, 0.6931471805599453]
靶镜 [3.963619260018708e-06, 0.518413698630137, 0.6931471805599453]
铿锵 [3.963619260018708e-06, 25.229466666666667, 0.6931471805599453]
绉绸 [2.642412840012472e-06, 0.8699816091954024, 0.6931471805599453]
懦弱 [3.963619260018708e-06, 0.6007015873015874, 0.6931471805599453]
木樨 [3.963619260018708e-06, 0.6818774774774774, 0.6931471805599453]
愈听愈 [2.642412840012472e-06, 1.0969333333333335, 0.6931471805599453]
灰鼠椅搭 [2.642412840012472e-06, 1.1826312500000002, 0.6931471805599453]
脑箍 [2.642412840012472e-06, 0.5131416949152542, 0.6931471805599453]
拽拽 [2.642412840012472e-06, 1.5137679999999996, 0.6931471805599453]
葡萄 [2.642412840012472e-06, 37.84420000000001, 0.6931471805599453]
执事太监 [3.963619260018708e-06, 0.5959716535433072, 0.6931471805599453]
踉跄 [3.963619260018708e-06, 25.229466666666667, 0.6931471805599453]
葳蕤 [3.963619260018708e-06, 14.191575000000002, 0.6931471805599453]
陆放翁 [2.642412840012472e-06, 2.0456324324324324, 0.6931471805599453]
廉耻 [2.642412840012472e-06, 2.018357333333333, 0.6931471805599453]
轸恤 [2.642412840012472e-06, 6.880763636363636, 0.6931471805599453]
循规 [2.642412840012472e-06, 0.5867317829457365, 0.6931471805599453]
螺甸 [2.642412840012472e-06, 2.1024555555555557, 0.6931471805599453]
层纱厨 [2.642412840012472e-06, 0.8138537634408604, 0.6931471805599453]
膏肓 [2.642412840012472e-06, 2.9110923076923076, 0.6931471805599453]
稻香老农 [6.606032100031181e-06, 2.4415612903225807, 0.6931471805599453]
乞丐 [3.963619260018708e-06, 4.730525, 0.6931471805599453]
闺绣阁 [2.642412840012472e-06, 0.8904517647058825, 0.6931471805599453]
针线活计 [2.642412840012472e-06, 0.5406314285714285, 0.6931471805599453]
镇国公牛 [2.642412840012472e-06, 1.0512277777777779, 0.6931471805599453]
武艺 [5.284825680024944e-06, 0.7208419047619047, 0.6931471805599453]
暖香坞 [6.606032100031181e-06, 1.0660338028169014, 0.6931471805599453]
懊悔 [3.963619260018708e-06, 0.5406314285714285, 0.6931471805599453]
扑簌簌 [3.963619260018708e-06, 1.5659668965517237, 0.6931471805599453]
扭扭捏捏 [2.642412840012472e-06, 1.8021047619047619, 0.6931471805599453]
恭楷 [5.284825680024944e-06, 0.9959, 0.6931471805599453]
左右开弓 [2.642412840012472e-06, 0.7723306122448981, 0.6931471805599453]
娥皇女英 [2.642412840012472e-06, 0.8409822222222222, 0.6931471805599453]
殉葬 [2.642412840012472e-06, 1.0512277777777779, 0.6931471805599453]
借贷 [3.963619260018708e-06, 0.6469094017094018, 0.6931471805599453]
驻跸 [2.642412840012472e-06, 18.922100000000004, 0.6931471805599453]
朝代年纪 [3.963619260018708e-06, 0.5330169014084507, 0.6931471805599453]
荏苒 [2.642412840012472e-06, 37.84420000000001, 0.6931471805599453]
煽风炉 [2.642412840012472e-06, 1.484086274509804, 0.6931471805599453]
拈阄 [3.963619260018708e-06, 1.081262857142857, 0.6931471805599453]
咕咚咕咚 [2.642412840012472e-06, 1.4280830188679245, 0.6931471805599453]
缸醋 [2.642412840012472e-06, 0.6307366666666667, 0.6931471805599453]
木雕泥塑 [2.642412840012472e-06, 0.6818774774774774, 0.6931471805599453]
凹晶馆 [5.284825680024944e-06, 0.5544937728937728, 0.6931471805599453]
私带神枪 [2.642412840012472e-06, 0.7277730769230769, 0.6931471805599453]
胞兄王仁 [2.642412840012472e-06, 0.9344246913580246, 0.6931471805599453]
乌眼鸡 [3.963619260018708e-06, 0.9230292682926828, 0.6931471805599453]
哦Ц [2.642412840012472e-06, 5.406314285714286, 0.6931471805599453]
玄真观 [2.642412840012472e-06, 0.6307366666666667, 0.6931471805599453]
沥沥 [2.642412840012472e-06, 4.2049111111111115, 0.6931471805599453]
篱笆 [2.642412840012472e-06, 2.1938666666666666, 0.6931471805599453]
揣摩 [3.963619260018708e-06, 0.9703641025641024, 0.6931471805599453]
茄鲞 [2.642412840012472e-06, 5.045893333333334, 0.6931471805599453]
鲛あ [2.642412840012472e-06, 6.880763636363636, 0.6931471805599453]
禽兽 [2.642412840012472e-06, 2.1024555555555557, 0.6931471805599453]
糖蒸 [2.642412840012472e-06, 0.6727857777777777, 0.6931471805599453]
萝卜 [2.642412840012472e-06, 0.6849628959276018, 0.6931471805599453]
兜揽 [3.963619260018708e-06, 0.59754, 0.6931471805599453]
持螯 [3.963619260018708e-06, 0.9958999999999999, 0.6931471805599453]
泥鳅 [2.642412840012472e-06, 0.6178644897959183, 0.6931471805599453]
恍然大悟 [2.642412840012472e-06, 1.2407934426229508, 0.6931471805599453]
啷啷 [2.642412840012472e-06, 3.0893224489795914, 0.6931471805599453]
条松花绿 [2.642412840012472e-06, 0.5733969696969697, 0.6931471805599453]
煞一煞 [2.642412840012472e-06, 3.9836, 0.6931471805599453]
ウ哗喇 [2.642412840012472e-06, 5.822184615384615, 0.6931471805599453]
狰狞 [2.642412840012472e-06, 37.84420000000001, 0.6931471805599453]
猖獗 [3.963619260018708e-06, 18.9221, 0.6931471805599453]
腌か [3.963619260018708e-06, 8.409822222222221, 0.6931471805599453]
绮霰 [6.606032100031181e-06, 2.0456324324324324, 0.6931471805599453]
恹恹 [7.927238520037416e-06, 3.1536833333333334, 0.6931471805599453]
窄Ё [2.642412840012472e-06, 6.880763636363636, 0.6931471805599453]
惬怀 [3.963619260018708e-06, 0.6307366666666667, 0.6931471805599453]
缱绻 [5.284825680024944e-06, 8.409822222222223, 0.6931471805599453]
掣肘 [2.642412840012472e-06, 1.5934399999999997, 0.6931471805599453]
捐个前程 [2.642412840012472e-06, 1.6819644444444444, 0.6931471805599453]
凄凉寂寞 [3.963619260018708e-06, 2.1024555555555557, 0.6931471805599453]
耿耿 [3.963619260018708e-06, 6.307366666666667, 0.6931471805599453]
污秽 [2.642412840012472e-06, 1.2720739495798317, 0.6931471805599453]
帘不卷 [2.642412840012472e-06, 0.5733969696969697, 0.6931471805599453]
铺盖妆奁 [2.642412840012472e-06, 0.6055072, 0.6931471805599453]
豪门贵族 [2.642412840012472e-06, 0.9959, 0.6931471805599453]
暖阁下轿 [2.642412840012472e-06, 0.6524862068965518, 0.6931471805599453]
藐视 [2.642412840012472e-06, 1.2407934426229508, 0.6931471805599453]
嘟囔 [2.642412840012472e-06, 2.522946666666667, 0.6931471805599453]
篾片 [2.642412840012472e-06, 1.113064705882353, 0.6931471805599453]
奖励 [2.642412840012472e-06, 3.1536833333333334, 0.6931471805599453]
棉袄 [5.284825680024944e-06, 0.5901629629629629, 0.6931471805599453]
磁瓦 [2.642412840012472e-06, 1.0512277777777779, 0.6931471805599453]
迂阔 [2.642412840012472e-06, 0.9344246913580245, 0.6931471805599453]
犄角 [2.642412840012472e-06, 0.6414271186440678, 0.6931471805599453]
渺渺 [5.284825680024944e-06, 2.502095867768595, 0.6931471805599453]
婷婷 [3.963619260018708e-06, 6.307366666666667, 0.6931471805599453]
排穗褂 [3.963619260018708e-06, 1.2614733333333334, 0.6931471805599453]
沁芳闸 [3.963619260018708e-06, 1.401637037037037, 0.6931471805599453]
虎丘 [2.642412840012472e-06, 0.5606548148148148, 0.6931471805599453]
荼毒 [3.963619260018708e-06, 0.7051714285714286, 0.6931471805599453]
馋痨 [2.642412840012472e-06, 1.5137679999999996, 0.6931471805599453]
铜火箸 [2.642412840012472e-06, 2.703157142857143, 0.6931471805599453]
栉沐 [2.642412840012472e-06, 4.2049111111111115, 0.6931471805599453]
簸箩 [6.606032100031181e-06, 6.757892857142858, 0.6931471805599453]
甄家要娶 [2.642412840012472e-06, 0.5114081081081081, 0.6931471805599453]
фх [2.642412840012472e-06, 37.84420000000001, 0.6931471805599453]
芒鞋 [2.642412840012472e-06, 0.5406314285714285, 0.6931471805599453]
俊俏 [9.248444940043653e-06, 0.5536246603970741, 0.6931471805599453]
豆腐 [5.284825680024944e-06, 0.9174351515151513, 0.6931471805599453]
丰丰富富 [2.642412840012472e-06, 0.8504314606741573, 0.6931471805599453]
借券 [3.963619260018708e-06, 0.6469094017094018, 0.6931471805599453]
枢密 [2.642412840012472e-06, 1.6103914893617022, 0.6931471805599453]
扶柩回籍 [3.963619260018708e-06, 0.5219889655172414, 0.6931471805599453]
针黹纺 [2.642412840012472e-06, 0.8409822222222222, 0.6931471805599453]
浮萍 [5.284825680024944e-06, 0.742043137254902, 0.6931471805599453]
孔雀金线 [2.642412840012472e-06, 0.8504314606741573, 0.6931471805599453]
瓦砾 [3.963619260018708e-06, 4.204911111111111, 0.6931471805599453]
拄了拐 [2.642412840012472e-06, 1.029774149659864, 0.6931471805599453]
缤纷 [3.963619260018708e-06, 2.4415612903225807, 0.6931471805599453]
栖鸦 [2.642412840012472e-06, 0.9893908496732027, 0.6931471805599453]
婪索 [2.642412840012472e-06, 0.6007015873015873, 0.6931471805599453]
芍药花瓣 [2.642412840012472e-06, 3.1536833333333334, 0.6931471805599453]
褡裢 [2.642412840012472e-06, 37.84420000000001, 0.6931471805599453]
录司正堂 [2.642412840012472e-06, 0.5079758389261745, 0.6931471805599453]
畜牲 [2.642412840012472e-06, 2.162525714285714, 0.6931471805599453]
疯道人飘 [2.642412840012472e-06, 0.6153528455284552, 0.6931471805599453]
プ沐 [3.963619260018708e-06, 1.4016370370370368, 0.6931471805599453]
棺椁 [3.963619260018708e-06, 1.9574586206896551, 0.6931471805599453]
衙门里缉 [2.642412840012472e-06, 0.9010523809523809, 0.6931471805599453]
讽刺 [3.963619260018708e-06, 1.081262857142857, 0.6931471805599453]
赌气投井 [2.642412840012472e-06, 0.65816, 0.6931471805599453]
荆棘 [3.963619260018708e-06, 4.204911111111111, 0.6931471805599453]
捧过漱盂 [2.642412840012472e-06, 0.6524862068965518, 0.6931471805599453]
诧异 [6.341790816029933e-05, 0.5659827387443527, 0.7097131024243333]
刁钻 [1.4533270620068597e-05, 1.3428587096774194, 0.8018185525433373]
凹晶 [7.927238520037416e-06, 2.0642290909090906, 0.8675632284814612]
鼻涕 [6.606032100031181e-06, 0.6469094017094017, 0.9502705392332347]
累赘 [7.927238520037416e-06, 0.5237951557093425, 0.9502705392332347]
踌躇 [6.606032100031181e-06, 12.614733333333335, 0.9502705392332347]
沁芳桥 [9.248444940043653e-06, 0.5031517568850903, 0.9502705392332347]
嘁嘁喳喳 [6.606032100031181e-06, 6.307366666666668, 0.9502705392332347]
宽裕 [9.248444940043653e-06, 0.9344246913580246, 0.9502705392332347]
虎狼 [9.248444940043653e-06, 0.6196711111111112, 0.9502705392332347]
街坊 [1.3212064200062362e-05, 0.5720967498110356, 0.9502705392332347]
颤巍巍 [9.248444940043653e-06, 3.1536833333333334, 0.9502705392332347]
狐狸 [7.927238520037416e-06, 1.2340499999999999, 0.9502705392332347]
忌讳 [1.5854477040074832e-05, 1.8385846153846153, 0.9556998911125343]
叮咛 [1.0569651360049888e-05, 5.406314285714286, 0.9556998911125343]
喘吁吁 [1.5854477040074832e-05, 2.0456324324324324, 0.9830877585747855]
哈哈 [1.5854477040074832e-05, 1.1584959183673467, 0.9830877585747855]
粳米 [1.0569651360049888e-05, 1.081262857142857, 1.0114042647073516]
吴新登 [1.717568346008107e-05, 0.7645292929292928, 1.0335620542068176]
哗喇 [5.284825680024944e-06, 3.3269626373626373, 1.0397207708399179]
破落户 [5.284825680024944e-06, 0.5822184615384615, 1.0397207708399179]
嫉妒 [5.284825680024944e-06, 1.8021047619047619, 1.0397207708399179]
怠惰 [5.284825680024944e-06, 2.7523054545454544, 1.0397207708399179]
挣挫 [5.284825680024944e-06, 0.7568839999999998, 1.0397207708399179]
哝哝 [1.0569651360049888e-05, 1.868849382716049, 1.0397207708399179]
布口袋 [5.284825680024944e-06, 0.8409822222222221, 1.0397207708399179]
夏守忠 [5.284825680024944e-06, 1.1296776119402985, 1.0397207708399179]
玛瑙 [5.284825680024944e-06, 18.922100000000004, 1.0397207708399179]
喇喇 [5.284825680024944e-06, 1.791441420118343, 1.0397207708399179]
聒噪 [5.284825680024944e-06, 7.568839999999999, 1.0397207708399179]
挟制 [5.284825680024944e-06, 0.9461049999999999, 1.0397207708399179]
珐琅 [5.284825680024944e-06, 15.137679999999998, 1.0397207708399179]
幕宾 [5.284825680024944e-06, 0.8650102857142855, 1.0397207708399179]
貂鼠 [5.284825680024944e-06, 0.6639333333333333, 1.0397207708399179]
惺惺 [5.284825680024944e-06, 3.737698765432098, 1.0397207708399179]
烘烘 [5.284825680024944e-06, 1.791441420118343, 1.0397207708399179]
缓缓 [1.0569651360049888e-05, 0.7723306122448979, 1.0735428464085233]
希罕 [2.378171556011225e-05, 0.6711286699507389, 1.0791615912646864]
喧阗 [5.284825680024944e-06, 7.568839999999999, 1.0986122886681096]
鼎沸 [3.963619260018708e-06, 1.513768, 1.0986122886681096]
续弦 [5.284825680024944e-06, 0.5406314285714285, 1.0986122886681096]
孽障 [1.5854477040074832e-05, 0.8584695652173913, 1.0986122886681096]
俏丽 [6.606032100031181e-06, 0.5673793103448276, 1.0986122886681096]
缀锦阁 [5.284825680024944e-06, 0.7123614117647058, 1.0986122886681096]
谆谆 [3.963619260018708e-06, 6.307366666666667, 1.0986122886681096]
陆续 [3.963619260018708e-06, 0.6757892857142856, 1.0986122886681096]
恭恭敬敬 [5.284825680024944e-06, 0.5484666666666668, 1.0986122886681096]
苔滑 [5.284825680024944e-06, 0.8386526315789473, 1.0986122886681096]
糟蹋 [3.963619260018708e-06, 1.6695970588235294, 1.0986122886681096]
靠背引枕 [5.284825680024944e-06, 0.9344246913580246, 1.0986122886681096]
猢狲 [3.963619260018708e-06, 11.353259999999999, 1.0986122886681096]
规规矩矩 [3.963619260018708e-06, 0.8800976744186046, 1.0986122886681096]
殿宇 [5.284825680024944e-06, 0.6653925274725273, 1.0986122886681096]
抑郁 [3.963619260018708e-06, 1.6218942857142855, 1.0986122886681096]
萝薜 [5.284825680024944e-06, 3.8814564102564106, 1.0986122886681096]
肴馔 [5.284825680024944e-06, 2.703157142857143, 1.0986122886681096]
粗糙 [5.284825680024944e-06, 1.164436923076923, 1.0986122886681096]
贸易 [3.963619260018708e-06, 0.5330169014084507, 1.0986122886681096]
簪缨 [6.606032100031181e-06, 1.4016370370370372, 1.0986122886681096]
针灸 [5.284825680024944e-06, 0.8409822222222222, 1.0986122886681096]
膈肢 [3.963619260018708e-06, 5.1605727272727275, 1.0986122886681096]
ゅ [5.284825680024944e-06, 15.137679999999998, 1.0986122886681096]
佳蕙 [1.3212064200062362e-05, 0.5492626995645864, 1.0986122886681096]
蔷薇硝 [7.927238520037416e-06, 0.7348388349514564, 1.0986122886681096]
笤帚 [5.284825680024944e-06, 5.045893333333334, 1.0986122886681096]
恍恍惚惚 [9.248444940043653e-06, 1.2407934426229508, 1.0986122886681096]
敷衍 [3.963619260018708e-06, 2.162525714285714, 1.0986122886681096]
霍启 [5.284825680024944e-06, 0.8204704607046068, 1.0986122886681096]
雕镂 [5.284825680024944e-06, 1.3455715555555554, 1.0986122886681096]
逶迤 [7.927238520037416e-06, 12.614733333333334, 1.0986122886681096]
匾额对联 [5.284825680024944e-06, 0.6698088495575222, 1.0986122886681096]
凸碧山庄 [3.963619260018708e-06, 0.9958999999999999, 1.0986122886681096]
骆驼 [3.963619260018708e-06, 25.229466666666667, 1.0986122886681096]
蓬莱 [5.284825680024944e-06, 4.2049111111111115, 1.0986122886681096]
江湖 [3.963619260018708e-06, 0.7140415094339623, 1.0986122886681096]
屁股 [6.606032100031181e-06, 0.5241578947368422, 1.0986122886681096]
辉煌 [1.717568346008107e-05, 1.940728205128205, 1.0986122886681096]
嘉荫堂 [5.284825680024944e-06, 0.5079758389261745, 1.0986122886681096]
畏惧 [7.927238520037416e-06, 0.5406314285714285, 1.0986122886681096]
咭咭呱呱 [7.927238520037416e-06, 5.406314285714285, 1.0986122886681096]
摸了一摸 [9.248444940043653e-06, 0.8800976744186046, 1.0986122886681096]
坚硬 [3.963619260018708e-06, 0.6600732558139535, 1.0986122886681096]
牡丹 [1.8496889880087306e-05, 1.471718888888889, 1.1269287948006759]
沙弥 [1.0569651360049888e-05, 0.5766735238095237, 1.15374194270109]
猩猩毡 [1.4533270620068597e-05, 1.9917999999999998, 1.1595888143086257]
呜呜咽咽 [1.5854477040074832e-05, 0.9580810126582279, 1.2130075659799042]
汗巾 [3.567257334016837e-05, 0.5430738240765347, 1.2191368674503986]
朦胧 [2.1139302720099776e-05, 3.9836, 1.2265558156134033]
嗳哟 [6.341790816029933e-05, 0.735433846153846, 1.2281058514681364]
辜负 [3.8314986180180845e-05, 0.7532476321207962, 1.2351713199465557]
蒲团 [9.248444940043653e-06, 0.7884208333333333, 1.242453324894]
妩媚 [1.0569651360049888e-05, 2.522946666666667, 1.242453324894]
唠叨 [9.248444940043653e-06, 1.267509090909091, 1.242453324894]
乜斜 [7.927238520037416e-06, 3.6042095238095238, 1.2424533248940002]
唧唧 [2.1139302720099776e-05, 0.8845978086194304, 1.252762968495368]
塞责 [1.5854477040074832e-05, 0.5088295798319328, 1.2554823251787537]
聪敏 [1.0569651360049888e-05, 0.8588754609929078, 1.277034259466139]
钓竿 [9.248444940043653e-06, 0.742043137254902, 1.277034259466139]
蘅芜 [4.75634311202245e-05, 1.59344, 1.288983303582034]
藕香榭 [1.8496889880087306e-05, 1.164436923076923, 1.310783678099714]
蔷薇 [1.8496889880087306e-05, 0.6858495792880258, 1.3143738430069454]
嘟嘟 [7.927238520037416e-06, 1.1353259999999996, 1.329661348854758]
优伶 [9.248444940043653e-06, 0.6792548717948718, 1.3296613488547582]
唯唯 [6.606032100031181e-06, 2.239301775147929, 1.3321790402101223]
槟榔 [9.248444940043653e-06, 10.81262857142857, 1.3321790402101223]
阴骘 [7.927238520037416e-06, 0.6639333333333334, 1.3321790402101223]
抹骨牌 [1.0569651360049888e-05, 0.7008185185185186, 1.3321790402101223]
赫赫 [6.606032100031181e-06, 2.628069444444445, 1.3321790402101223]
划拳 [9.248444940043653e-06, 0.8600954545454546, 1.3321790402101223]
犹豫 [9.248444940043653e-06, 0.6414271186440679, 1.3321790402101223]
腼腆 [1.0569651360049888e-05, 9.461050000000002, 1.3321790402101223]
徘徊 [6.606032100031181e-06, 15.137679999999998, 1.3321790402101223]
呜咽 [2.9066541240137194e-05, 0.5546784810126583, 1.3605197119169674]
肌肤 [6.606032100031181e-06, 5.733969696969698, 1.3862943611198906]
膏粱 [7.927238520037416e-06, 1.455546153846154, 1.3862943611198906]
尧舜 [6.606032100031181e-06, 6.007015873015873, 1.3862943611198906]
琐碎 [6.606032100031181e-06, 0.8391175166297118, 1.3862943611198906]
琵琶 [6.606032100031181e-06, 15.137679999999998, 1.3862943611198906]
乡绅 [7.927238520037416e-06, 0.9580810126582279, 1.3862943611198906]
苍苔 [5.284825680024944e-06, 0.6639333333333333, 1.3862943611198906]
鹦鹉 [9.248444940043653e-06, 3.78442, 1.3862943611198906]
碌碌 [1.0569651360049888e-05, 1.0512277777777779, 1.3862943611198906]
揉搓 [7.927238520037416e-06, 1.4744493506493506, 1.3862943611198906]
晶莹 [5.284825680024944e-06, 1.9659324675324674, 1.3862943611198906]
纺绩 [5.284825680024944e-06, 8.409822222222223, 1.3862943611198906]
棚杠 [5.284825680024944e-06, 1.6634813186813187, 1.3862943611198906]
撕掳 [5.284825680024944e-06, 1.2014031746031746, 1.3862943611198906]
呵呵 [1.0569651360049888e-05, 0.9688115199999998, 1.4941751382893085]
茫茫 [1.1890857780056125e-05, 1.287704347826087, 1.4941751382893085]
龙禁尉 [1.0569651360049888e-05, 1.0969333333333335, 1.4941751382893085]
沁芳亭 [1.5854477040074832e-05, 0.5606548148148148, 1.5171063970610272]
扎挣 [3.038774766014343e-05, 0.9891097727272727, 1.5376528418832602]
璎珞 [9.248444940043653e-06, 9.46105, 1.5498260458782016]
杜撰 [1.1890857780056125e-05, 1.851075, 1.5498260458782016]
唐突 [1.0569651360049888e-05, 0.6553108225108225, 1.5498260458782016]
馒头庵 [1.4533270620068597e-05, 0.5092185932721712, 1.5607104090414063]
临安伯 [9.248444940043653e-06, 0.8600954545454546, 1.5607104090414063]
蝴蝶 [9.248444940043653e-06, 2.9110923076923076, 1.5607104090414063]
咕咚 [1.5854477040074832e-05, 1.3182304789550072, 1.5607104090414063]
酥酪 [9.248444940043653e-06, 3.9835999999999996, 1.5607104090414063]
斟酌 [1.717568346008107e-05, 0.5509234042553192, 1.5607104090414063]
撺掇 [7.927238520037416e-06, 4.366638461538462, 1.5607104090414063]
砒霜 [6.606032100031181e-06, 1.3761527272727274, 1.6094379124341005]
弯着腰 [7.927238520037416e-06, 0.9703641025641027, 1.6094379124341005]
卜世仁 [1.0569651360049888e-05, 0.9344246913580246, 1.6094379124341005]
盥漱 [1.1890857780056125e-05, 0.9703641025641028, 1.6094379124341005]
松柏 [7.927238520037416e-06, 0.5733969696969696, 1.6094379124341005]
蘅芜苑 [2.6424128400124724e-05, 1.6819644444444448, 1.6792043316027068]
玫瑰 [2.5102921980118487e-05, 3.78442, 1.7310255598676203]
芦雪庵 [1.1890857780056125e-05, 0.694388990825688, 1.7328679513998633]
祭祀 [1.3212064200062362e-05, 0.7334147286821706, 1.7478680974667573]
斗篷 [2.378171556011225e-05, 0.6829028571428571, 1.7480673485460891]
姬妾 [1.4533270620068597e-05, 0.9439596371882086, 1.7480673485460891]
悠悠 [1.5854477040074832e-05, 1.2458995884773665, 1.7480673485460891]
菜蔬 [1.3212064200062362e-05, 0.6782114695340503, 1.7480673485460891]
嫦娥 [1.1890857780056125e-05, 4.541303999999999, 1.7917594692280547]
羡慕 [1.1890857780056125e-05, 1.105837012987013, 1.7917594692280547]
护庇 [9.248444940043653e-06, 0.9295066666666667, 1.7917594692280547]
麒麟 [2.5102921980118487e-05, 3.78442, 1.807631656191928]
饥荒 [1.5854477040074832e-05, 0.8227, 1.8200759753606213]
俞禄 [1.5854477040074832e-05, 1.9407282051282053, 1.8310204811135162]
谨慎 [1.5854477040074832e-05, 1.3617103448275862, 1.8310204811135162]
促狭 [1.717568346008107e-05, 2.1390199999999995, 1.8343719702816237]
哽咽 [1.3212064200062362e-05, 0.532267229254571, 1.8891591637540215]
漱盂 [1.5854477040074832e-05, 1.2014031746031748, 1.8891591637540217]
针黹 [1.5854477040074832e-05, 0.8409822222222222, 1.9061547465398496]
с防 [1.5854477040074832e-05, 0.9119084337349397, 1.9061547465398496]
哼哼 [1.1890857780056125e-05, 0.9344246913580249, 1.9061547465398496]
糟踏 [2.378171556011225e-05, 0.7705832579185522, 1.9269145052641097]
钥匙 [1.717568346008107e-05, 3.4403818181818178, 1.945910149055313]
芭蕉 [1.5854477040074832e-05, 2.3652625, 1.9722469794234416]
棺材 [1.8496889880087306e-05, 0.7774303741746148, 1.9722469794234416]
玲珑 [1.5854477040074832e-05, 6.307366666666667, 1.9722469794234416]
殷勤 [1.5854477040074832e-05, 1.6634813186813184, 1.9730014063936125]
葫芦 [2.7745334820130957e-05, 1.8922099999999997, 1.9795962153613327]
绣桔 [2.378171556011225e-05, 0.6487577142857143, 2.0198149924929463]
茯苓霜 [1.717568346008107e-05, 1.1181240909090908, 2.0317592185692717]
纷纷 [1.8496889880087306e-05, 1.1026405827263266, 2.0431918705451206]
栏杆 [1.5854477040074832e-05, 1.9407282051282049, 2.0982737395252498]
匾额 [1.9818096300093543e-05, 0.6000665961945032, 2.1383972463477248]
搪塞 [1.717568346008107e-05, 1.2058200980392157, 2.1639556568820564]
代儒 [6.606032100031181e-05, 0.526931216931217, 2.1985004307081115]
寂寞 [3.567257334016837e-05, 1.4280830188679248, 2.2055983590263937]
冯紫英 [7.662997236036169e-05, 0.7297086436170214, 2.2201031179078914]
潇湘馆 [8.984203656042405e-05, 0.6576554050600562, 2.233705126427591]
妯娌 [1.5854477040074832e-05, 6.307366666666667, 2.253857589601352]
警幻 [4.359981186020579e-05, 0.660771746031746, 2.2855692613251133]
刑部 [1.8496889880087306e-05, 0.617504428904429, 2.304619384820672]
栊翠庵 [3.038774766014343e-05, 0.6654561162079511, 2.3312528487819963]
咳嗽 [4.6242224700218266e-05, 1.0380462382445141, 2.3813707323142794]
恍惚 [5.284825680024945e-05, 1.0128926062228172, 2.454801654303349]
玻璃 [3.699377976017461e-05, 2.3652625, 2.4554608908739044]
默默 [3.038774766014343e-05, 0.5174890606420928, 2.4632808831743667]
铁槛寺 [3.435136692016214e-05, 1.2207806451612904, 2.477262896864094]
琥珀 [7.662997236036169e-05, 1.3049724137931036, 2.5099210589240797]
螃蟹 [3.435136692016214e-05, 2.3652625, 2.512658529529802]
胭脂 [3.3030160500155904e-05, 1.1651539408866995, 2.524058077389471]
伶俐 [3.9636192600187085e-05, 1.2843054298642538, 2.641610153448634]
蒋玉菡 [3.9636192600187085e-05, 2.1024555555555553, 2.652587534720148]
规矩 [8.852083014041782e-05, 0.8189797803617571, 3.016231279230808]
菩萨 [5.0205843960236973e-05, 1.8460585365853661, 3.0724579351310872]
