适当[0.0001503184017054306, 1.8267276041666665, 2.0253262207700673]
做出[0.0001503184017054306, 0.898735938500961, 2.0253262207700673]
比例[0.00017764902019732707, 21.256466666666665, 2.094729047527649]
条学生社团[0.00017764902019732707, 0.23569373299216118, 2.245035274126178]
的重要[0.00017764902019732707, 0.3168449576849577, 2.253857589601352]
延期[0.0001913143294432753, 0.981838366064415, 2.0692024658203625]
形式[0.00020497963868922354, 4.852019565217391, 2.2102535776209735]
变更[0.00020497963868922354, 11.067416528925621, 2.2055983590263937]
非法[0.00020497963868922354, 1.6777216236532198, 2.338371704803573]
说明[0.00020497963868922354, 5.626711764705881, 2.0794415416798357]
受到[0.00020497963868922354, 1.1453621279507358, 2.098147389135067]
的基本[0.00021864494793517178, 0.22576806701438282, 2.273965716419247]
结果[0.00021864494793517178, 2.038582217782218, 2.133381930264545]
辅导员[0.00021864494793517178, 5.0439073446327685, 2.1458417525947544]
重点[0.00023231025718112002, 1.8356455249153365, 2.273965716419247]
发现[0.00023231025718112002, 1.0921932354634432, 2.0262296229952916]
直接[0.00023231025718112002, 12.161151602564104, 2.4762471329830333]
文化[0.00023231025718112002, 1.6227004383620227, 2.0449311748495913]
网络[0.00023231025718112002, 28.528415789473687, 2.0488828279013447]
做好[0.00023231025718112002, 7.039479220779221, 2.2783025250391344]
建设[0.00023231025718112002, 1.8239535152024997, 2.138333059508028]
行政[0.00024597556642706823, 0.4239628746306458, 2.20478541691352]
正常[0.00024597556642706823, 3.575854205607476, 2.139085894695714]
正式[0.00024597556642706823, 2.176606907761072, 2.5070264355574188]
过程中[0.00025964087567301647, 2.189295353639649, 2.341994252232425]
不予[0.00025964087567301647, 0.18803525551490968, 2.0101626586396124]
等级[0.00025964087567301647, 0.30318618002430825, 2.0467385326945515]
期限[0.00025964087567301647, 0.6751307621890547, 2.077101574886211]
任何[0.00025964087567301647, 7.3782776859504136, 2.3056573382986394]
学生本人[0.00025964087567301647, 0.23737612337144376, 2.0642580751745085]
缴纳[0.00025964087567301647, 17.949905185185184, 2.0377341947851506]
由学校[0.00025964087567301647, 0.25727507735242366, 2.3025850929940455]
成员[0.0002733061849189647, 0.18997767776394606, 2.0844297682153505]
作出[0.0002733061849189647, 0.2058334236342467, 2.0854684353173742]
银行[0.00028697149416491294, 2.06842493380406, 2.3221879428070658]
各类[0.00028697149416491294, 0.8893834724857687, 2.5052899909184174]
机构[0.00028697149416491294, 8.491034239130434, 2.253857589601352]
未经[0.00028697149416491294, 0.5797218181818181, 2.0455764621533223]
主要[0.00028697149416491294, 0.5450059186046512, 2.0844297682153505]
提前[0.00028697149416491294, 0.7800700507614214, 2.399204296202615]
招生[0.00028697149416491294, 0.4146823472163853, 2.2071079677498235]
一个[0.0003006368034108612, 0.21917795830915504, 2.180945560561596]
发放[0.0003006368034108612, 1.7248595064547292, 2.4762206495981647]
监考教师[0.0003006368034108612, 7.502282352941176, 2.3439329813080194]
其它[0.0003143021126568094, 3.8366492526158447, 2.1500602244842355]
学生所在院系[0.0003143021126568094, 0.23737612337144376, 2.2316069516089345]
对方学校[0.0003143021126568094, 1.1746994736842105, 2.1192809219098505]
统一[0.0003143021126568094, 0.5630311708253358, 2.5245459216333597]
原因[0.0003143021126568094, 1.3463869123336176, 2.106577333232116]
实行[0.00032796742190275766, 0.19333127368535027, 2.033662343665036]
由院系[0.00032796742190275766, 0.31193976240391336, 2.215437017792373]
造成[0.00032796742190275766, 1.1868017281488867, 2.130689306584121]
国际[0.0003416327311487059, 1.0352175324675323, 2.3351324951264743]
记录[0.0003416327311487059, 1.5238130675223598, 2.2110688711446103]
全国[0.0003416327311487059, 0.43321603260869557, 2.106577333232116]
指导教师[0.0003416327311487059, 7.502282352941177, 2.0981473891350673]
比赛[0.0003416327311487059, 9.230475599669148, 2.108169769053504]
以下[0.00035529804039465413, 0.4759691108923884, 2.114629972248147]
人员[0.00035529804039465413, 0.3371249124947352, 2.1540250873789706]
请假[0.00035529804039465413, 1.5064941329179646, 2.2071079677498235]
每学期[0.00035529804039465413, 1.5397719137645107, 2.157963565450758]
表现[0.00036896334964060237, 3.2822485294117647, 2.133381930264545]
任课教师[0.00036896334964060237, 7.114767768595042, 2.306336270507494]
试卷[0.00036896334964060237, 1.1084720500321898, 2.253857589601352]
设置[0.00036896334964060237, 4.386684840764332, 2.428468264953074]
以及[0.00036896334964060237, 0.26808168957693845, 2.5019122074486293]
阶段[0.00036896334964060237, 26.257988235294114, 2.13329522790249]
审批[0.0003826286588865506, 0.9880476205533596, 2.2047854169135204]
一次[0.0003826286588865506, 0.4569528342930262, 2.1383972463477248]
需要[0.0003826286588865506, 1.4043598202247192, 2.649158683274018]
取得[0.00039629396813249885, 0.8999088077858881, 2.549699753983439]
岗位[0.00039629396813249885, 3.445618365717328, 2.2214600874752044]
安排[0.00039629396813249885, 9.942540860215054, 2.505289990918418]
成立[0.00039629396813249885, 0.6965395856873823, 2.608550235227083]
研究生[0.00039629396813249885, 0.301946193947169, 2.0125618816283946]
填写[0.0004099592773784471, 12.263346153846154, 2.6261647864672346]
录取[0.0004099592773784471, 2.015437429452931, 2.3239462851455888]
答辩[0.0004099592773784471, 11.421385074626865, 2.5100076178872603]
确定[0.0004236245866243953, 0.6139971070438158, 2.997068727089017]
新生[0.0004236245866243953, 0.1908855249091298, 2.0555861437635783]
程序[0.0004236245866243953, 0.6386947198375336, 2.338371704803573]
具有[0.0004236245866243953, 0.7442764448030119, 2.7877881193860072]
予以[0.00043728989587034356, 0.38651258489596013, 3.0315188853635173]
综合[0.00043728989587034356, 3.832151737089202, 2.2206517909235077]
违反[0.0004509552051162918, 5.754191953125, 2.368519717418512]
依据[0.0004509552051162918, 4.542316188714153, 2.668078702217483]
交流[0.0004509552051162918, 1.7705206009615386, 2.0785946020936885]
贷款[0.0004509552051162918, 17.41221205673759, 2.1648838628879683]
个人[0.0004509552051162918, 0.4403279548036109, 2.402517941654973]
方式[0.0004509552051162918, 2.398751245725452, 2.0954096187023272]
意见[0.00046462051436224004, 5.183441666666666, 2.0262296229952916]
符合[0.00046462051436224004, 3.7502142821843343, 2.6319090713731463]
评选[0.0004782858236081883, 0.46527600583698137, 2.3457374038618126]
缓考[0.0004782858236081883, 1.214655238095238, 2.055235167728488]
公示[0.0004782858236081883, 4.402226824457594, 2.0430945003275163]
教室[0.0004782858236081883, 0.7877926079064139, 2.291258490541019]
所有[0.0004782858236081883, 0.4734753541934994, 2.208488784049477]
应当[0.0004919511328541365, 0.9793935153583618, 2.6004311798813244]
一般[0.0004919511328541365, 1.7135731285988485, 2.2996128162483633]
方面[0.0004919511328541365, 1.656518791877126, 2.141963331773656]
不能[0.0004919511328541365, 0.5759816774193549, 2.730113963040932]
包括[0.0004919511328541365, 18.386600457665903, 2.1260180430770514]
复查[0.0005056164421000847, 2.634174577352472, 2.067980484471124]
考场[0.0005056164421000847, 1.0848127816091953, 2.6067772132775358]
他人[0.0005056164421000847, 0.6793326313624677, 3.070422009571029]
开展[0.0005056164421000847, 2.4896404280976787, 2.5138217670877965]
推荐[0.0005056164421000847, 9.810676923076922, 2.7436353882736624]
提供[0.0005056164421000847, 3.7261758826847156, 2.712562693256372]
基本[0.0005192817513460329, 0.9892783016942234, 2.027740133797186]
留学生[0.0005192817513460329, 0.2376721367521367, 2.204527951735395]
达到[0.0005329470605919812, 2.6550322098520662, 2.393172871235606]
年级[0.0005329470605919812, 0.5021067778034148, 2.424143438794065]
具体[0.0005329470605919812, 1.901069746109746, 2.3383717048035724]
中国[0.0005466123698379294, 0.4279825503355705, 2.2040190243796918]
助学金[0.0005602776790838776, 1.1078582203389828, 2.2886731740687045]
家庭经济困难学生[0.0005602776790838776, 0.5590218943767373, 2.045329069812914]
休学[0.0005876082975757741, 0.20414346609944162, 2.035907191306173]
名单[0.0005876082975757741, 1.1544923252736679, 2.3797612053893156]
修读[0.0006012736068217224, 1.230637543859649, 2.498697125071977]
勤工助学[0.0006286042253136188, 0.23737612337144376, 2.401010960399258]
内容[0.0006286042253136188, 3.6144599190283397, 2.743635388273662]
课程成绩[0.0006286042253136188, 1.1460482670089858, 2.1831237239209735]
实际[0.0006422695345595671, 2.0257937140925986, 2.1541037534048213]
注册[0.0006559348438055153, 8.766987888707039, 2.272689787446766]
项目[0.0006696001530514636, 5.5798225, 2.330034720804038]
决定[0.0006832654622974118, 1.1426745168309227, 2.115146091863938]
提交[0.00069693077154336, 1.1111712124170245, 2.9600939314836476]
体育[0.00069693077154336, 1.4297802355157796, 2.233554514153385]
使用[0.00069693077154336, 3.9647641588296763, 2.9345138991328814]
按照[0.0007105960807893083, 3.419824913443831, 2.966359001428253]
教育部[0.0007242613900352565, 1.3102817567567568, 2.5033282102583128]
实施[0.0007242613900352565, 2.549264306880017, 2.279771765510146]
提出[0.0007379266992812047, 1.09739515148756, 2.125831799031546]
补考[0.0007379266992812047, 0.6559138285714287, 2.403960538220986]
所在院系[0.0007379266992812047, 2.289157948717949, 2.0791025446875557]
信息[0.0007379266992812047, 8.283447835051547, 2.3183292278609047]
第二专业[0.000751592008527153, 1.0981200492004919, 2.2716072118228987]
交换[0.0007652573177731012, 2.8277833484162898, 2.0836976410640498]
条件[0.0007652573177731012, 0.7422752858033673, 2.0954850249411456]
有关[0.0007925879362649977, 0.6413668520468199, 2.7493271432718784]
考核[0.0007925879362649977, 0.4811219772357723, 2.490823890727507]
手续[0.0008062532455109459, 8.663408618421053, 2.4763540198306746]
或者[0.0008062532455109459, 0.6455721688400823, 2.9567962126190825]
成绩单[0.0008062532455109459, 0.7777215390975667, 2.0337446754612722]
必须[0.0008335838640028424, 3.6437219055265624, 2.900336927293728]
评定[0.0008335838640028424, 0.368349956035334, 2.2074193804136417]
部门[0.0008472491732487906, 2.994743234323433, 2.368856287710993]
批准[0.0008472491732487906, 1.4055825088877605, 2.5798804579161647]
获得[0.0008745797917406871, 2.8640291929824557, 2.874102506136185]
完成[0.0009019104102325836, 1.1680627534939043, 3.082182939734907]
可以[0.0009019104102325836, 0.6286721464694962, 2.038321430011286]
资格[0.0009155757194785318, 1.7802290833333334, 2.38184782533076]
期间[0.0009292410287244801, 1.0536006386671295, 2.7846974440114702]
社会[0.000983902265708273, 1.4925131234327111, 2.533121942186839]
单位[0.0009975675749542212, 1.4455755212492236, 2.574012902983037]
办理[0.0010248981934461176, 0.3459711371527778, 3.3208151680211686]
选课[0.0010248981934461176, 0.31484842500246857, 2.822687463241888]
奖学金[0.001052228811938014, 3.687160115854967, 2.015612850129848]
我校[0.0010658941211839623, 1.117397060333761, 2.825839520445359]
申诉[0.0010932247396758588, 2.30221861199755, 2.2456716511568224]
材料[0.0011205553581677553, 9.284371743817376, 2.591622571349578]
通过[0.0011205553581677553, 1.2856914506498067, 3.070735557990348]
重修[0.0011342206674137035, 0.9198118520357497, 2.703794244760628]
其他[0.0011752165951515482, 2.754380541704036, 2.6637750871122163]
学生社团[0.0011888819043974965, 0.2373761233714438, 2.67152259608531]
审核[0.001216212522889393, 1.6851892343584305, 2.8022955805740444]
要求[0.001216212522889393, 3.5791293873873875, 3.2692767426638385]
不得[0.0012298778321353412, 0.8228309677419355, 3.2204339669490607]
根据[0.0012572084506272377, 6.131764628592759, 2.875145304673216]
行为[0.001270873759873186, 0.5359672510844867, 2.30537963039669]
时间[0.001270873759873186, 1.4324021599613552, 3.1651322211786383]
给予[0.0012845390691191342, 3.46064042886598, 2.7761519140451427]
负责[0.001339200306102927, 7.269160584911931, 2.508471262940702]
活动[0.0013528656153488753, 3.5783153198380564, 3.149358473742967]
组织[0.0013528656153488753, 5.072565909090909, 3.2106660864544048]
标准[0.0014075268523326683, 2.0882834809465414, 2.7061382775125247]
教务处[0.001448522780070513, 1.280582817088188, 2.5231206343531865]
培养[0.0014621880893164612, 7.35951935285054, 2.31896114910204]
以上[0.0014895187078083577, 0.9899703391727198, 2.498589148865404]
认定[0.0015168493263002542, 1.0919730647596169, 2.724537165751734]
处理[0.0015305146355462024, 0.35940885668276984, 2.1984060740580156]
参加[0.0015305146355462024, 3.505360883435583, 3.088144016463883]
学籍[0.0015305146355462024, 0.20294752532520385, 2.2529906590845274]
情况[0.001557845254038099, 4.724317058905445, 3.091395082668811]
国家[0.0016671677280056848, 1.7061111403508773, 3.064583211929899]
进行[0.001735494274235426, 1.471652473911012, 3.7846458786614656]
相关[0.0018038208204651672, 2.5205512084527526, 3.126913136789887]
教育[0.0018311514389570637, 1.0470469332026326, 2.149090549244798]
学习[0.002104457623876028, 0.21130591329018694, 3.03783110662735]
考试[0.0025690781382382683, 1.2202185445292622, 3.3779683285386852]
毕业[0.0026374046844680095, 1.0868572794651024, 2.2653606286680126]
处分[0.0028150537046653366, 0.5208864727690873, 2.5573461338011247]
工作[0.0031430211265680943, 1.6044371273860962, 3.235125858836915]
规定[0.003238678291289732, 1.1356710278567979, 2.8615800333327943]
南京大学[0.003402662002241111, 0.23642661887795802, 3.0074193836543364]
申请[0.0037442947333898168, 1.9896978144343311, 3.7085615187263445]
管理[0.004222580556998005, 1.3606101266571973, 2.590428168744037]
院系[0.004427560195687228, 1.7701364567651918, 2.955056638630768]
成绩[0.004536882669654814, 1.5005172387258772, 3.3086788041549218]
专业[0.006094727923692913, 0.9736809978994423, 2.9552609942892807]
课程[0.0069146464784498075, 0.9234083170486416, 3.3816332790254298]
学生[0.01667167728005685, 0.1857593781354467, 3.9827380752359485]
